<?xml version="1.0" encoding="UTF-8" ?>
<testsuite errors="0" failures="0" hostname="Lucys-MacBook-Pro-2.local" name="com.flatironschool.javacs.ListClientExampleTest" skipped="0" tests="1" time="0.084" timestamp="2016-03-22T04:28:49">
  <properties>
    <property name="java.vendor" value="Oracle Corporation" />
    <property name="env.JAVA_MAIN_CLASS_21922" value="org.apache.tools.ant.launch.Launcher" />
    <property name="sun.java.launcher" value="SUN_STANDARD" />
    <property name="env.XPC_SERVICE_NAME" value="0" />
    <property name="sun.management.compiler" value="HotSpot 64-Bit Tiered Compilers" />
    <property name="env._system_arch" value="x86_64" />
    <property name="env.GEM_HOME" value="/Users/lucyxiao/.rvm/gems/ruby-2.2.0@rails_decal" />
    <property name="os.name" value="Mac OS X" />
    <property name="sun.boot.class.path" value="/Library/Java/JavaVirtualMachines/jdk1.8.0_31.jdk/Contents/Home/jre/lib/resources.jar:/Library/Java/JavaVirtualMachines/jdk1.8.0_31.jdk/Contents/Home/jre/lib/rt.jar:/Library/Java/JavaVirtualMachines/jdk1.8.0_31.jdk/Contents/Home/jre/lib/sunrsasign.jar:/Library/Java/JavaVirtualMachines/jdk1.8.0_31.jdk/Contents/Home/jre/lib/jsse.jar:/Library/Java/JavaVirtualMachines/jdk1.8.0_31.jdk/Contents/Home/jre/lib/jce.jar:/Library/Java/JavaVirtualMachines/jdk1.8.0_31.jdk/Contents/Home/jre/lib/charsets.jar:/Library/Java/JavaVirtualMachines/jdk1.8.0_31.jdk/Contents/Home/jre/lib/jfr.jar:/Library/Java/JavaVirtualMachines/jdk1.8.0_31.jdk/Contents/Home/jre/classes" />
    <property name="env.TMPDIR" value="/var/folders/29/fvwxcy_54zvgmg4ndf034lt80000gn/T/" />
    <property name="env.PWD" value="/Users/lucyxiao/my-github-basics/cs-swapping-implementations-lab-codeU" />
    <property name="env.LANG" value="en_US.UTF-8" />
    <property name="java.vm.specification.vendor" value="Oracle Corporation" />
    <property name="ant.home" value="/usr/local/Cellar/ant/1.9.6/libexec" />
    <property name="java.runtime.version" value="1.8.0_31-b13" />
    <property name="env.MY_RUBY_HOME" value="/Users/lucyxiao/.rvm/rubies/ruby-2.2.0" />
    <property name="env.Apple_PubSub_Socket_Render" value="/private/tmp/com.apple.launchd.gEAKft7Ket/Render" />
    <property name="env.DISPLAY" value="/private/tmp/com.apple.launchd.Ovet2lLVpk/org.macosforge.xquartz:0" />
    <property name="env.rvm_version" value="1.26.11 (latest)" />
    <property name="user.name" value="lucyxiao" />
    <property name="env.USER" value="lucyxiao" />
    <property name="env.SHELL" value="/bin/bash" />
    <property name="env.__CF_USER_TEXT_ENCODING" value="0x1F5:0x0:0x0" />
    <property name="env._system_type" value="Darwin" />
    <property name="env.PATH" value="/Users/lucyxiao/anaconda3/bin:/Users/lucyxiao/.rvm/gems/ruby-2.2.0@rails_decal/bin:/Users/lucyxiao/.rvm/gems/ruby-2.2.0@global/bin:/Users/lucyxiao/.rvm/rubies/ruby-2.2.0/bin:/Library/Frameworks/Python.framework/Versions/3.4/bin:/usr/local/bin:/usr/bin:/bin:/usr/sbin:/sbin:/opt/X11/bin:/Library/TeX/texbin:/Users/lucyxiao/.rvm/bin" />
    <property name="user.language" value="en" />
    <property name="env.rvm_prefix" value="/Users/lucyxiao" />
    <property name="sun.boot.library.path" value="/Library/Java/JavaVirtualMachines/jdk1.8.0_31.jdk/Contents/Home/jre/lib" />
    <property name="ant.project.default-target" value="build" />
    <property name="env.XPC_FLAGS" value="0x0" />
    <property name="ant.project.name" value="JavaCS" />
    <property name="env.rvm_path" value="/Users/lucyxiao/.rvm" />
    <property name="env.RUBY_VERSION" value="ruby-2.2.0" />
    <property name="java.version" value="1.8.0_31" />
    <property name="user.timezone" value="America/Los_Angeles" />
    <property name="sun.arch.data.model" value="64" />
    <property name="env._system_name" value="OSX" />
    <property name="env.SSH_AGENT_PID" value="87663" />
    <property name="java.endorsed.dirs" value="/Library/Java/JavaVirtualMachines/jdk1.8.0_31.jdk/Contents/Home/jre/lib/endorsed" />
    <property name="sun.cpu.isalist" value="" />
    <property name="sun.jnu.encoding" value="UTF-8" />
    <property name="env.rvm_bin_path" value="/Users/lucyxiao/.rvm/bin" />
    <property name="file.encoding.pkg" value="sun.io" />
    <property name="env.SHLVL" value="3" />
    <property name="file.separator" value="/" />
    <property name="env._system_version" value="10.11" />
    <property name="java.specification.name" value="Java Platform API Specification" />
    <property name="java.class.version" value="52.0" />
    <property name="user.country" value="US" />
    <property name="ant.file.JavaCS" value="/Users/lucyxiao/my-github-basics/cs-swapping-implementations-lab-codeU/javacs-lab01/build.xml" />
    <property name="java.home" value="/Library/Java/JavaVirtualMachines/jdk1.8.0_31.jdk/Contents/Home/jre" />
    <property name="java.vm.info" value="mixed mode" />
    <property name="env.LOGNAME" value="lucyxiao" />
    <property name="ant.file" value="/Users/lucyxiao/my-github-basics/cs-swapping-implementations-lab-codeU/javacs-lab01/build.xml" />
    <property name="os.version" value="10.11.2" />
    <property name="env.TERM_PROGRAM_VERSION" value="361.1" />
    <property name="path.separator" value=":" />
    <property name="env._ORIGINAL_GEM_PATH" value="/Users/lucyxiao/.rvm/gems/ruby-2.2.0@rails_decal:/Users/lucyxiao/.rvm/gems/ruby-2.2.0@global" />
    <property name="java.vm.version" value="25.31-b07" />
    <property name="ant.library.dir" value="/usr/local/Cellar/ant/1.9.6/libexec/lib" />
    <property name="junit.output.dir" value="junit" />
    <property name="env.IRBRC" value="/Users/lucyxiao/.rvm/rubies/ruby-2.2.0/.irbrc" />
    <property name="java.awt.printerjob" value="sun.lwawt.macosx.CPrinterJob" />
    <property name="env.TERM" value="xterm-256color" />
    <property name="sun.io.unicode.encoding" value="UnicodeBig" />
    <property name="awt.toolkit" value="sun.lwawt.macosx.LWCToolkit" />
    <property name="env.GEM_PATH" value="/Users/lucyxiao/.rvm/gems/ruby-2.2.0@rails_decal:/Users/lucyxiao/.rvm/gems/ruby-2.2.0@global" />
    <property name="user.home" value="/Users/lucyxiao" />
    <property name="target" value="1.6" />
    <property name="java.specification.vendor" value="Oracle Corporation" />
    <property name="env.CLASSPATH" value=":/Users/lucyxiao/Desktop/cs61b/abl/lib/*:./:/Library/Java/JavaVirtualMachines/jdk1.7.0_75.jdk/Contents/Home/lib/*" />
    <property name="env.CS61B_LIB_DIR" value="/Users/lucyxiao/Desktop/cs61b/abl/lib/*" />
    <property name="env.TERM_PROGRAM" value="Apple_Terminal" />
    <property name="java.vendor.url" value="http://java.oracle.com/" />
    <property name="java.library.path" value="/Users/lucyxiao/Library/Java/Extensions:/Library/Java/Extensions:/Network/Library/Java/Extensions:/System/Library/Java/Extensions:/usr/lib/java:." />
    <property name="java.vm.vendor" value="Oracle Corporation" />
    <property name="gopherProxySet" value="false" />
    <property name="java.runtime.name" value="Java(TM) SE Runtime Environment" />
    <property name="ant.version" value="Apache Ant(TM) version 1.9.6 compiled on June 29 2015" />
    <property name="java.class.path" value="/Users/lucyxiao/my-github-basics/cs-swapping-implementations-lab-codeU/javacs-lab01/bin:/Users/lucyxiao/my-github-basics/cs-swapping-implementations-lab-codeU/javacs-lab01/lib/junit-4.12.jar:/Users/lucyxiao/my-github-basics/cs-swapping-implementations-lab-codeU/javacs-lab01/lib/hamcrest-core-1.3.jar:/Users/lucyxiao/my-github-basics/cs-swapping-implementations-lab-codeU/javacs-lab01:/Library/Java/JavaVirtualMachines/jdk1.7.0_75.jdk/Contents/Home/lib/ant-javafx.jar:/Library/Java/JavaVirtualMachines/jdk1.7.0_75.jdk/Contents/Home/lib/dt.jar:/Library/Java/JavaVirtualMachines/jdk1.7.0_75.jdk/Contents/Home/lib/javafx-doclet.jar:/Library/Java/JavaVirtualMachines/jdk1.7.0_75.jdk/Contents/Home/lib/javafx-mx.jar:/Library/Java/JavaVirtualMachines/jdk1.7.0_75.jdk/Contents/Home/lib/jconsole.jar:/Library/Java/JavaVirtualMachines/jdk1.7.0_75.jdk/Contents/Home/lib/sa-jdi.jar:/Library/Java/JavaVirtualMachines/jdk1.7.0_75.jdk/Contents/Home/lib/tools.jar:/usr/local/Cellar/ant/1.9.6/libexec/lib/ant-launcher.jar:/usr/local/Cellar/ant/1.9.6/libexec/lib/ant.jar:/usr/local/Cellar/ant/1.9.6/libexec/lib/ant-junit.jar:/usr/local/Cellar/ant/1.9.6/libexec/lib/ant-junit4.jar" />
    <property name="sun.java.command" value="org.apache.tools.ant.taskdefs.optional.junit.JUnitTestRunner com.flatironschool.javacs.ListClientExampleTest skipNonTests=false filtertrace=true haltOnError=false haltOnFailure=false formatter=org.apache.tools.ant.taskdefs.optional.junit.OutErrSummaryJUnitResultFormatter showoutput=false outputtoformatters=true logfailedtests=true threadid=0 logtestlistenerevents=false formatter=org.apache.tools.ant.taskdefs.optional.junit.XMLJUnitResultFormatter,/Users/lucyxiao/my-github-basics/cs-swapping-implementations-lab-codeU/javacs-lab01/junit/TEST-com.flatironschool.javacs.ListClientExampleTest.xml formatter=org.apache.tools.ant.taskdefs.optional.junit.PlainJUnitResultFormatter crashfile=/Users/lucyxiao/my-github-basics/cs-swapping-implementations-lab-codeU/javacs-lab01/junitvmwatcher7046644897381937661.properties propsfile=/Users/lucyxiao/my-github-basics/cs-swapping-implementations-lab-codeU/javacs-lab01/junit2390395169637929869.properties" />
    <property name="env.TERM_SESSION_ID" value="23BC8D2A-011B-43C2-A834-DFAC556E052C" />
    <property name="ant.file.type.JavaCS" value="file" />
    <property name="java.vm.specification.name" value="Java Virtual Machine Specification" />
    <property name="ant.file.type" value="file" />
    <property name="java.vm.specification.version" value="1.8" />
    <property name="sun.os.patch.level" value="unknown" />
    <property name="sun.cpu.endian" value="little" />
    <property name="env.HOME" value="/Users/lucyxiao" />
    <property name="debuglevel" value="source,lines,vars" />
    <property name="java.io.tmpdir" value="/var/folders/29/fvwxcy_54zvgmg4ndf034lt80000gn/T/" />
    <property name="java.vendor.url.bug" value="http://bugreport.sun.com/bugreport/" />
    <property name="env.SSH_AUTH_SOCK" value="/var/folders/29/fvwxcy_54zvgmg4ndf034lt80000gn/T//ssh-Nmv1jYSY0VFJ/agent.87662" />
    <property name="env.FINDBUGS_HOME" value="/Users/lucyxiao/Desktop/cs61b/abl/lib/" />
    <property name="os.arch" value="x86_64" />
    <property name="java.awt.graphicsenv" value="sun.awt.CGraphicsEnvironment" />
    <property name="java.ext.dirs" value="/Users/lucyxiao/Library/Java/Extensions:/Library/Java/JavaVirtualMachines/jdk1.8.0_31.jdk/Contents/Home/jre/lib/ext:/Library/Java/Extensions:/Network/Library/Java/Extensions:/System/Library/Java/Extensions:/usr/lib/java" />
    <property name="user.dir" value="/Users/lucyxiao/my-github-basics/cs-swapping-implementations-lab-codeU" />
    <property name="line.separator" value="&#xa;" />
    <property name="java.vm.name" value="Java HotSpot(TM) 64-Bit Server VM" />
    <property name="basedir" value="/Users/lucyxiao/my-github-basics/cs-swapping-implementations-lab-codeU/javacs-lab01" />
    <property name="ant.java.version" value="1.8" />
    <property name="ant.core.lib" value="/usr/local/Cellar/ant/1.9.6/libexec/lib/ant.jar" />
    <property name="source" value="1.6" />
    <property name="file.encoding" value="UTF-8" />
    <property name="java.specification.version" value="1.8" />
    <property name="ant.project.invoked-targets" value="test" />
  </properties>
  <testcase classname="com.flatironschool.javacs.ListClientExampleTest" name="testListClientExample" time="0.006" />
  <system-out><![CDATA[]]></system-out>
  <system-err><![CDATA[]]></system-err>
</testsuite>
